10:22:19: Creating resource group General
10:22:19: Creating resource group Internal
10:22:19: Creating resource group Autodetect
10:22:19: SceneManagerFactory for type 'DefaultSceneManager' registered.
10:22:19: Registering ResourceManager for type Material
10:22:19: Registering ResourceManager for type Mesh
10:22:19: Registering ResourceManager for type Mesh2
10:22:19: Registering ResourceManager for type OldSkeleton
10:22:19: MovableObjectFactory for type 'ParticleSystem' registered.
10:22:19: ArchiveFactory for archive type FileSystem registered.
10:22:19: DDS codec registering
10:22:19: Registering ResourceManager for type HighLevelGpuProgram
10:22:19: MovableObjectFactory for type 'Entity' registered.
10:22:19: MovableObjectFactory for type 'Item' registered.
10:22:19: MovableObjectFactory for type 'Light' registered.
10:22:19: MovableObjectFactory for type 'BillboardSet' registered.
10:22:19: MovableObjectFactory for type 'ManualObject2' registered.
10:22:19: MovableObjectFactory for type 'BillboardChain' registered.
10:22:19: MovableObjectFactory for type 'RibbonTrail' registered.
10:22:19: Loading library /usr/local/lib/OGRE/RenderSystem_GL3Plus
10:22:19: Installing plugin: GL 3+ RenderSystem
10:22:19: OpenGL 3+ Rendering Subsystem created.
10:22:19: Plugin successfully installed
10:22:19: *-*-* OGRE Initialising
10:22:19: *-*-* Version 2.1.0unstable (Tindalos)
10:22:19: CPU Identifier & Features
10:22:19: -------------------------
10:22:19:  *   CPU ID: GenuineIntel: Intel(R) Core(TM) i5-4210U CPU @ 1.70GHz
10:22:19:  *   Logical cores: 4
10:22:19:  *      SSE: yes
10:22:19:  *     SSE2: yes
10:22:19:  *     SSE3: yes
10:22:19:  *      MMX: yes
10:22:19:  *   MMXEXT: yes
10:22:19:  *    3DNOW: no
10:22:19:  * 3DNOWEXT: no
10:22:19:  *     CMOV: yes
10:22:19:  *      TSC: yes
10:22:19:  *      FPU: yes
10:22:19:  *      PRO: yes
10:22:19:  *       HT: no
10:22:19: -------------------------
10:22:19: ******************************
*** Starting GLX Subsystem ***
******************************
10:22:19: Created GL 3.3 context
10:22:19: GLXWindow::create used FBConfigID = 101
10:22:19: GL_VERSION = 3.3.0.0
10:22:19: GL_VENDOR = Intel Open Source Technology Center
10:22:19: GL_RENDERER = Mesa DRI Intel(R) Haswell Mobile 
10:22:19: GL_EXTENSIONS = 
10:22:19: GL_ARB_ES2_compatibility
10:22:19: GL_ARB_ES3_compatibility
10:22:19: GL_ARB_base_instance
10:22:19: GL_ARB_blend_func_extended
10:22:19: GL_ARB_buffer_storage
10:22:19: GL_ARB_clear_buffer_object
10:22:19: GL_ARB_clear_texture
10:22:19: GL_ARB_compressed_texture_pixel_storage
10:22:19: GL_ARB_conditional_render_inverted
10:22:19: GL_ARB_copy_buffer
10:22:19: GL_ARB_copy_image
10:22:19: GL_ARB_conservative_depth
10:22:19: GL_ARB_debug_output
10:22:19: GL_ARB_depth_buffer_float
10:22:19: GL_ARB_depth_clamp
10:22:19: GL_ARB_derivative_control
10:22:19: GL_ARB_draw_buffers
10:22:19: GL_ARB_draw_buffers_blend
10:22:19: GL_ARB_draw_elements_base_vertex
10:22:19: GL_ARB_draw_instanced
10:22:19: GL_ARB_explicit_attrib_location
10:22:19: GL_ARB_explicit_uniform_location
10:22:19: GL_ARB_fragment_coord_conventions
10:22:19: GL_ARB_fragment_shader
10:22:19: GL_ARB_framebuffer_object
10:22:19: GL_ARB_framebuffer_sRGB
10:22:19: GL_ARB_get_program_binary
10:22:19: GL_ARB_gpu_shader5
10:22:19: GL_ARB_half_float_pixel
10:22:19: GL_ARB_half_float_vertex
10:22:19: GL_ARB_instanced_arrays
10:22:19: GL_ARB_internalformat_query
10:22:19: GL_ARB_invalidate_subdata
10:22:19: GL_ARB_map_buffer_alignment
10:22:19: GL_ARB_map_buffer_range
10:22:19: GL_ARB_multi_bind
10:22:19: GL_ARB_occlusion_query2
10:22:19: GL_ARB_pixel_buffer_object
10:22:19: GL_ARB_point_sprite
10:22:19: GL_ARB_provoking_vertex
10:22:19: GL_ARB_robustness
10:22:19: GL_ARB_sample_shading
10:22:19: GL_ARB_sampler_objects
10:22:19: GL_ARB_seamless_cube_map
10:22:19: GL_ARB_seamless_cubemap_per_texture
10:22:19: GL_ARB_separate_shader_objects
10:22:19: GL_ARB_shader_atomic_counters
10:22:19: GL_ARB_shader_bit_encoding
10:22:19: GL_ARB_shader_objects
10:22:19: GL_ARB_shader_texture_lod
10:22:19: GL_ARB_shading_language_packing
10:22:19: GL_ARB_shading_language_420pack
10:22:19: GL_ARB_sync
10:22:19: GL_ARB_texture_buffer_object
10:22:19: GL_ARB_texture_buffer_object_rgb32
10:22:19: GL_ARB_texture_buffer_range
10:22:19: GL_ARB_texture_compression_bptc
10:22:19: GL_ARB_texture_compression_rgtc
10:22:19: GL_ARB_texture_cube_map_array
10:22:19: GL_ARB_texture_float
10:22:19: GL_ARB_texture_gather
10:22:19: GL_ARB_texture_mirror_clamp_to_edge
10:22:19: GL_ARB_texture_multisample
10:22:19: GL_ARB_texture_non_power_of_two
10:22:19: GL_ARB_texture_query_levels
10:22:19: GL_ARB_texture_query_lod
10:22:19: GL_ARB_texture_rectangle
10:22:19: GL_ARB_texture_rgb10_a2ui
10:22:19: GL_ARB_texture_rg
10:22:19: GL_ARB_texture_storage
10:22:19: GL_ARB_texture_storage_multisample
10:22:19: GL_ARB_texture_view
10:22:19: GL_ARB_texture_swizzle
10:22:19: GL_ARB_timer_query
10:22:19: GL_ARB_uniform_buffer_object
10:22:19: GL_ARB_vertex_array_bgra
10:22:19: GL_ARB_vertex_array_object
10:22:19: GL_ARB_vertex_attrib_binding
10:22:19: GL_ARB_vertex_shader
10:22:19: GL_ARB_vertex_type_10f_11f_11f_rev
10:22:19: GL_ARB_vertex_type_2_10_10_10_rev
10:22:19: GL_ARB_viewport_array
10:22:19: GL_EXT_abgr
10:22:19: GL_EXT_blend_equation_separate
10:22:19: GL_EXT_draw_buffers2
10:22:19: GL_EXT_draw_instanced
10:22:19: GL_EXT_framebuffer_blit
10:22:19: GL_EXT_framebuffer_multisample
10:22:19: GL_EXT_framebuffer_multisample_blit_scaled
10:22:19: GL_EXT_framebuffer_sRGB
10:22:19: GL_EXT_packed_depth_stencil
10:22:19: GL_EXT_packed_float
10:22:19: GL_EXT_pixel_buffer_object
10:22:19: GL_EXT_provoking_vertex
10:22:19: GL_EXT_shader_integer_mix
10:22:19: GL_EXT_texture_array
10:22:19: GL_EXT_texture_compression_dxt1
10:22:19: GL_ANGLE_texture_compression_dxt3
10:22:19: GL_ANGLE_texture_compression_dxt5
10:22:19: GL_EXT_texture_compression_rgtc
10:22:19: GL_EXT_texture_compression_s3tc
10:22:19: GL_EXT_texture_filter_anisotropic
10:22:19: GL_EXT_texture_integer
10:22:19: GL_EXT_texture_shared_exponent
10:22:19: GL_EXT_texture_snorm
10:22:19: GL_EXT_texture_sRGB
10:22:19: GL_EXT_texture_sRGB_decode
10:22:19: GL_EXT_texture_swizzle
10:22:19: GL_EXT_timer_query
10:22:19: GL_EXT_transform_feedback
10:22:19: GL_EXT_vertex_array_bgra
10:22:19: GL_OES_EGL_image
10:22:19: GL_OES_read_format
10:22:19: GL_KHR_debug
10:22:19: GL_3DFX_texture_compression_FXT1
10:22:19: GL_AMD_conservative_depth
10:22:19: GL_AMD_draw_buffers_blend
10:22:19: GL_AMD_seamless_cubemap_per_texture
10:22:19: GL_AMD_shader_trinary_minmax
10:22:19: GL_AMD_vertex_shader_layer
10:22:19: GL_AMD_vertex_shader_viewport_index
10:22:19: GL_APPLE_object_purgeable
10:22:19: GL_ATI_blend_equation_separate
10:22:19: GL_ATI_texture_float
10:22:19: GL_IBM_multimode_draw_arrays
10:22:19: GL_MESA_pack_invert
10:22:19: GL_MESA_texture_signed_rgba
10:22:19: GL_NV_conditional_render
10:22:19: GL_NV_depth_clamp
10:22:19: GL_NV_packed_depth_stencil
10:22:19: GL_S3_s3tc
10:22:19: Supported GLX extensions: GLX_ARB_create_context GLX_ARB_create_context_profile GLX_ARB_create_context_robustness GLX_ARB_fbconfig_float GLX_ARB_framebuffer_sRGB GLX_ARB_get_proc_address GLX_ARB_multisample GLX_EXT_import_context GLX_EXT_visual_info GLX_EXT_visual_rating GLX_EXT_framebuffer_sRGB GLX_EXT_create_context_es2_profile GLX_MESA_copy_sub_buffer GLX_MESA_multithread_makecurrent GLX_MESA_query_renderer GLX_MESA_swap_control GLX_OML_swap_method GLX_OML_sync_control GLX_SGI_make_current_read GLX_SGI_swap_control GLX_SGI_video_sync GLX_SGIS_multisample GLX_SGIX_fbconfig GLX_SGIX_pbuffer GLX_SGIX_visual_select_group GLX_EXT_texture_from_pixmap GLX_INTEL_swap_event 
10:22:19: **************************************
10:22:19: ***   OpenGL 3+ Renderer Started   ***
10:22:19: **************************************
10:22:19: Registering ResourceManager for type GpuProgram
10:22:19: GL3+: Using FBOs for rendering to textures
10:22:19: FBO PF_UNKNOWN depth/stencil support: D0S1 D0S4 D0S8 D0S16 D16S0 D16S1 D16S4 D16S8 D16S16 D24S0 D24S1 D24S4 D24S8 D24S16 D32S0 D32S1 D32S4 D32S8 D32S16 D32S0 D32S1 D32S4 D32S8 D32S16 Packed-D24S8 Packed-D32S8 
10:22:19: FBO PF_L8 depth/stencil support: D0S0 D0S1 D0S4 D0S8 D0S16 D16S0 D16S1 D16S4 D16S8 D16S16 D24S0 D24S1 D24S4 D24S8 D24S16 D32S0 D32S1 D32S4 D32S8 D32S16 D32S0 D32S1 D32S4 D32S8 D32S16 Packed-D24S8 Packed-D32S8 
10:22:19: FBO PF_L16 depth/stencil support: D0S0 D0S1 D0S4 D0S8 D0S16 D16S0 D16S1 D16S4 D16S8 D16S16 D24S0 D24S1 D24S4 D24S8 D24S16 D32S0 D32S1 D32S4 D32S8 D32S16 D32S0 D32S1 D32S4 D32S8 D32S16 Packed-D24S8 Packed-D32S8 
10:22:19: FBO PF_A8 depth/stencil support: D0S0 D0S1 D0S4 D0S8 D0S16 D16S0 D16S1 D16S4 D16S8 D16S16 D24S0 D24S1 D24S4 D24S8 D24S16 D32S0 D32S1 D32S4 D32S8 D32S16 D32S0 D32S1 D32S4 D32S8 D32S16 Packed-D24S8 Packed-D32S8 
10:22:19: FBO PF_BYTE_LA depth/stencil support: D0S0 D0S1 D0S4 D0S8 D0S16 D16S0 D16S1 D16S4 D16S8 D16S16 D24S0 D24S1 D24S4 D24S8 D24S16 D32S0 D32S1 D32S4 D32S8 D32S16 D32S0 D32S1 D32S4 D32S8 D32S16 Packed-D24S8 Packed-D32S8 
10:22:19: FBO PF_R5G6B5 depth/stencil support: D0S0 D0S1 D0S4 D0S8 D0S16 D16S0 D16S1 D16S4 D16S8 D16S16 D24S0 D24S1 D24S4 D24S8 D24S16 D32S0 D32S1 D32S4 D32S8 D32S16 D32S0 D32S1 D32S4 D32S8 D32S16 Packed-D24S8 Packed-D32S8 
10:22:19: FBO PF_A4R4G4B4 depth/stencil support: D0S0 D0S1 D0S4 D0S8 D0S16 D16S0 D16S1 D16S4 D16S8 D16S16 D24S0 D24S1 D24S4 D24S8 D24S16 D32S0 D32S1 D32S4 D32S8 D32S16 D32S0 D32S1 D32S4 D32S8 D32S16 Packed-D24S8 Packed-D32S8 
10:22:19: FBO PF_A1R5G5B5 depth/stencil support: D0S0 D0S1 D0S4 D0S8 D0S16 D16S0 D16S1 D16S4 D16S8 D16S16 D24S0 D24S1 D24S4 D24S8 D24S16 D32S0 D32S1 D32S4 D32S8 D32S16 D32S0 D32S1 D32S4 D32S8 D32S16 Packed-D24S8 Packed-D32S8 
10:22:19: FBO PF_R8G8B8 depth/stencil support: D0S0 D0S1 D0S4 D0S8 D0S16 D16S0 D16S1 D16S4 D16S8 D16S16 D24S0 D24S1 D24S4 D24S8 D24S16 D32S0 D32S1 D32S4 D32S8 D32S16 D32S0 D32S1 D32S4 D32S8 D32S16 Packed-D24S8 Packed-D32S8 
10:22:19: FBO PF_B8G8R8 depth/stencil support: D0S0 D0S1 D0S4 D0S8 D0S16 D16S0 D16S1 D16S4 D16S8 D16S16 D24S0 D24S1 D24S4 D24S8 D24S16 D32S0 D32S1 D32S4 D32S8 D32S16 D32S0 D32S1 D32S4 D32S8 D32S16 Packed-D24S8 Packed-D32S8 
10:22:19: FBO PF_A8R8G8B8 depth/stencil support: D0S0 D0S1 D0S4 D0S8 D0S16 D16S0 D16S1 D16S4 D16S8 D16S16 D24S0 D24S1 D24S4 D24S8 D24S16 D32S0 D32S1 D32S4 D32S8 D32S16 D32S0 D32S1 D32S4 D32S8 D32S16 Packed-D24S8 Packed-D32S8 
10:22:19: FBO PF_A8B8G8R8 depth/stencil support: D0S0 D0S1 D0S4 D0S8 D0S16 D16S0 D16S1 D16S4 D16S8 D16S16 D24S0 D24S1 D24S4 D24S8 D24S16 D32S0 D32S1 D32S4 D32S8 D32S16 D32S0 D32S1 D32S4 D32S8 D32S16 Packed-D24S8 Packed-D32S8 
10:22:19: FBO PF_B8G8R8A8 depth/stencil support: D0S0 D0S1 D0S4 D0S8 D0S16 D16S0 D16S1 D16S4 D16S8 D16S16 D24S0 D24S1 D24S4 D24S8 D24S16 D32S0 D32S1 D32S4 D32S8 D32S16 D32S0 D32S1 D32S4 D32S8 D32S16 Packed-D24S8 Packed-D32S8 
10:22:19: FBO PF_A2R10G10B10 depth/stencil support: D0S0 D0S1 D0S4 D0S8 D0S16 D16S0 D16S1 D16S4 D16S8 D16S16 D24S0 D24S1 D24S4 D24S8 D24S16 D32S0 D32S1 D32S4 D32S8 D32S16 D32S0 D32S1 D32S4 D32S8 D32S16 Packed-D24S8 Packed-D32S8 
10:22:19: FBO PF_A2B10G10R10 depth/stencil support: D0S0 D0S1 D0S4 D0S8 D0S16 D16S0 D16S1 D16S4 D16S8 D16S16 D24S0 D24S1 D24S4 D24S8 D24S16 D32S0 D32S1 D32S4 D32S8 D32S16 D32S0 D32S1 D32S4 D32S8 D32S16 Packed-D24S8 Packed-D32S8 
10:22:19: FBO PF_FLOAT16_RGBA depth/stencil support: D0S0 D0S1 D0S4 D0S8 D0S16 D16S0 D16S1 D16S4 D16S8 D16S16 D24S0 D24S1 D24S4 D24S8 D24S16 D32S0 D32S1 D32S4 D32S8 D32S16 D32S0 D32S1 D32S4 D32S8 D32S16 Packed-D24S8 Packed-D32S8 
10:22:19: FBO PF_FLOAT32_RGBA depth/stencil support: D0S0 D0S1 D0S4 D0S8 D0S16 D16S0 D16S1 D16S4 D16S8 D16S16 D24S0 D24S1 D24S4 D24S8 D24S16 D32S0 D32S1 D32S4 D32S8 D32S16 D32S0 D32S1 D32S4 D32S8 D32S16 Packed-D24S8 Packed-D32S8 
10:22:19: FBO PF_X8R8G8B8 depth/stencil support: D0S0 D0S1 D0S4 D0S8 D0S16 D16S0 D16S1 D16S4 D16S8 D16S16 D24S0 D24S1 D24S4 D24S8 D24S16 D32S0 D32S1 D32S4 D32S8 D32S16 D32S0 D32S1 D32S4 D32S8 D32S16 Packed-D24S8 Packed-D32S8 
10:22:19: FBO PF_X8B8G8R8 depth/stencil support: D0S0 D0S1 D0S4 D0S8 D0S16 D16S0 D16S1 D16S4 D16S8 D16S16 D24S0 D24S1 D24S4 D24S8 D24S16 D32S0 D32S1 D32S4 D32S8 D32S16 D32S0 D32S1 D32S4 D32S8 D32S16 Packed-D24S8 Packed-D32S8 
10:22:19: FBO PF_R8G8B8A8 depth/stencil support: D0S0 D0S1 D0S4 D0S8 D0S16 D16S0 D16S1 D16S4 D16S8 D16S16 D24S0 D24S1 D24S4 D24S8 D24S16 D32S0 D32S1 D32S4 D32S8 D32S16 D32S0 D32S1 D32S4 D32S8 D32S16 Packed-D24S8 Packed-D32S8 
10:22:19: FBO PF_SHORT_RGBA depth/stencil support: D0S0 D0S1 D0S4 D0S8 D0S16 D16S0 D16S1 D16S4 D16S8 D16S16 D24S0 D24S1 D24S4 D24S8 D24S16 D32S0 D32S1 D32S4 D32S8 D32S16 D32S0 D32S1 D32S4 D32S8 D32S16 Packed-D24S8 Packed-D32S8 
10:22:19: FBO PF_R3G3B2 depth/stencil support: D0S0 D0S1 D0S4 D0S8 D0S16 D16S0 D16S1 D16S4 D16S8 D16S16 D24S0 D24S1 D24S4 D24S8 D24S16 D32S0 D32S1 D32S4 D32S8 D32S16 D32S0 D32S1 D32S4 D32S8 D32S16 Packed-D24S8 Packed-D32S8 
10:22:19: FBO PF_FLOAT16_R depth/stencil support: D0S0 D0S1 D0S4 D0S8 D0S16 D16S0 D16S1 D16S4 D16S8 D16S16 D24S0 D24S1 D24S4 D24S8 D24S16 D32S0 D32S1 D32S4 D32S8 D32S16 D32S0 D32S1 D32S4 D32S8 D32S16 Packed-D24S8 Packed-D32S8 
10:22:19: FBO PF_FLOAT32_R depth/stencil support: D0S0 D0S1 D0S4 D0S8 D0S16 D16S0 D16S1 D16S4 D16S8 D16S16 D24S0 D24S1 D24S4 D24S8 D24S16 D32S0 D32S1 D32S4 D32S8 D32S16 D32S0 D32S1 D32S4 D32S8 D32S16 Packed-D24S8 Packed-D32S8 
10:22:19: FBO PF_SHORT_GR depth/stencil support: D0S0 D0S1 D0S4 D0S8 D0S16 D16S0 D16S1 D16S4 D16S8 D16S16 D24S0 D24S1 D24S4 D24S8 D24S16 D32S0 D32S1 D32S4 D32S8 D32S16 D32S0 D32S1 D32S4 D32S8 D32S16 Packed-D24S8 Packed-D32S8 
10:22:19: FBO PF_FLOAT16_GR depth/stencil support: D0S0 D0S1 D0S4 D0S8 D0S16 D16S0 D16S1 D16S4 D16S8 D16S16 D24S0 D24S1 D24S4 D24S8 D24S16 D32S0 D32S1 D32S4 D32S8 D32S16 D32S0 D32S1 D32S4 D32S8 D32S16 Packed-D24S8 Packed-D32S8 
10:22:19: FBO PF_FLOAT32_GR depth/stencil support: D0S0 D0S1 D0S4 D0S8 D0S16 D16S0 D16S1 D16S4 D16S8 D16S16 D24S0 D24S1 D24S4 D24S8 D24S16 D32S0 D32S1 D32S4 D32S8 D32S16 D32S0 D32S1 D32S4 D32S8 D32S16 Packed-D24S8 Packed-D32S8 
10:22:19: FBO PF_R11G11B10_FLOAT depth/stencil support: D0S0 D0S1 D0S4 D0S8 D0S16 D16S0 D16S1 D16S4 D16S8 D16S16 D24S0 D24S1 D24S4 D24S8 D24S16 D32S0 D32S1 D32S4 D32S8 D32S16 D32S0 D32S1 D32S4 D32S8 D32S16 Packed-D24S8 Packed-D32S8 
10:22:19: FBO PF_RG8 depth/stencil support: D0S0 D0S1 D0S4 D0S8 D0S16 D16S0 D16S1 D16S4 D16S8 D16S16 D24S0 D24S1 D24S4 D24S8 D24S16 D32S0 D32S1 D32S4 D32S8 D32S16 D32S0 D32S1 D32S4 D32S8 D32S16 Packed-D24S8 Packed-D32S8 
10:22:19: FBO PF_R8_SNORM depth/stencil support: D0S0 D0S1 D0S4 D0S8 D0S16 D16S0 D16S1 D16S4 D16S8 D16S16 D24S0 D24S1 D24S4 D24S8 D24S16 D32S0 D32S1 D32S4 D32S8 D32S16 D32S0 D32S1 D32S4 D32S8 D32S16 Packed-D24S8 Packed-D32S8 
10:22:19: FBO PF_R8G8_SNORM depth/stencil support: D0S0 D0S1 D0S4 D0S8 D0S16 D16S0 D16S1 D16S4 D16S8 D16S16 D24S0 D24S1 D24S4 D24S8 D24S16 D32S0 D32S1 D32S4 D32S8 D32S16 D32S0 D32S1 D32S4 D32S8 D32S16 Packed-D24S8 Packed-D32S8 
10:22:19: FBO PF_R8G8B8_SNORM depth/stencil support: D0S0 D0S1 D0S4 D0S8 D0S16 D16S0 D16S1 D16S4 D16S8 D16S16 D24S0 D24S1 D24S4 D24S8 D24S16 D32S0 D32S1 D32S4 D32S8 D32S16 D32S0 D32S1 D32S4 D32S8 D32S16 Packed-D24S8 Packed-D32S8 
10:22:19: FBO PF_R8G8B8A8_SNORM depth/stencil support: D0S0 D0S1 D0S4 D0S8 D0S16 D16S0 D16S1 D16S4 D16S8 D16S16 D24S0 D24S1 D24S4 D24S8 D24S16 D32S0 D32S1 D32S4 D32S8 D32S16 D32S0 D32S1 D32S4 D32S8 D32S16 Packed-D24S8 Packed-D32S8 
10:22:19: FBO PF_R16_SNORM depth/stencil support: D0S0 D0S1 D0S4 D0S8 D0S16 D16S0 D16S1 D16S4 D16S8 D16S16 D24S0 D24S1 D24S4 D24S8 D24S16 D32S0 D32S1 D32S4 D32S8 D32S16 D32S0 D32S1 D32S4 D32S8 D32S16 Packed-D24S8 Packed-D32S8 
10:22:19: FBO PF_R16G16_SNORM depth/stencil support: D0S0 D0S1 D0S4 D0S8 D0S16 D16S0 D16S1 D16S4 D16S8 D16S16 D24S0 D24S1 D24S4 D24S8 D24S16 D32S0 D32S1 D32S4 D32S8 D32S16 D32S0 D32S1 D32S4 D32S8 D32S16 Packed-D24S8 Packed-D32S8 
10:22:19: FBO PF_R16G16B16_SNORM depth/stencil support: D0S0 D0S1 D0S4 D0S8 D0S16 D16S0 D16S1 D16S4 D16S8 D16S16 D24S0 D24S1 D24S4 D24S8 D24S16 D32S0 D32S1 D32S4 D32S8 D32S16 D32S0 D32S1 D32S4 D32S8 D32S16 Packed-D24S8 Packed-D32S8 
10:22:19: FBO PF_R16G16B16A16_SNORM depth/stencil support: D0S0 D0S1 D0S4 D0S8 D0S16 D16S0 D16S1 D16S4 D16S8 D16S16 D24S0 D24S1 D24S4 D24S8 D24S16 D32S0 D32S1 D32S4 D32S8 D32S16 D32S0 D32S1 D32S4 D32S8 D32S16 Packed-D24S8 Packed-D32S8 
10:22:19: [GL] : Valid FBO targets PF_UNKNOWN PF_L8 PF_L16 PF_A8 PF_BYTE_LA PF_R5G6B5 PF_A4R4G4B4 PF_A1R5G5B5 PF_R8G8B8 PF_B8G8R8 PF_A8R8G8B8 PF_A8B8G8R8 PF_B8G8R8A8 PF_A2R10G10B10 PF_A2B10G10R10 PF_FLOAT16_RGBA PF_FLOAT32_RGBA PF_X8R8G8B8 PF_X8B8G8R8 PF_R8G8B8A8 PF_SHORT_RGBA PF_R3G3B2 PF_FLOAT16_R PF_FLOAT32_R PF_SHORT_GR PF_FLOAT16_GR PF_FLOAT32_GR PF_R11G11B10_FLOAT PF_RG8 PF_R8_SNORM PF_R8G8_SNORM PF_R8G8B8_SNORM PF_R8G8B8A8_SNORM PF_R16_SNORM PF_R16G16_SNORM PF_R16G16B16_SNORM PF_R16G16B16A16_SNORM 
10:22:19: RenderSystem capabilities
10:22:19: -------------------------
10:22:19: RenderSystem Name: OpenGL 3+ Rendering Subsystem
10:22:19: GPU Vendor: intel
10:22:19: Device Name: Mesa DRI Intel(R) Haswell Mobile 
10:22:19: Driver Version: 3.3.0.0
10:22:19:  * Fixed function pipeline: no
10:22:19:  * Hardware generation of mipmaps: no
10:22:19:  * Texture blending: yes
10:22:19:  * Anisotropic texture filtering: yes
10:22:19:  * Dot product texture operation: yes
10:22:19:  * Cube mapping: yes
10:22:19:  * Hardware stencil buffer: yes
10:22:19:    - Stencil depth: 8
10:22:19:    - Two sided stencil support: yes
10:22:19:    - Wrap stencil values: yes
10:22:19:  * Hardware vertex / index buffers: yes
10:22:19:  * 32-bit index buffers: yes
10:22:19:  * Vertex programs: yes
10:22:19:  * Number of floating-point constants for vertex programs: 16384
10:22:19:  * Number of integer constants for vertex programs: 16384
10:22:19:  * Number of boolean constants for vertex programs: 16384
10:22:19:  * Fragment programs: yes
10:22:19:  * Number of floating-point constants for fragment programs: 16384
10:22:19:  * Number of integer constants for fragment programs: 16384
10:22:19:  * Number of boolean constants for fragment programs: 16384
10:22:19:  * Geometry programs: yes
10:22:19:  * Number of floating-point constants for geometry programs: 16384
10:22:19:  * Number of integer constants for geometry programs: 16384
10:22:19:  * Number of boolean constants for geometry programs: 16384
10:22:19:  * Tessellation Hull programs: no
10:22:19:  * Number of floating-point constants for tessellation hull programs: 0
10:22:19:  * Number of integer constants for tessellation hull programs: 0
10:22:19:  * Number of boolean constants for tessellation hull programs: 0
10:22:19:  * Tessellation Domain programs: no
10:22:19:  * Number of floating-point constants for tessellation domain programs: 0
10:22:19:  * Number of integer constants for tessellation domain programs: 0
10:22:19:  * Number of boolean constants for tessellation domain programs: 0
10:22:19:  * Compute programs: no
10:22:19:  * Number of floating-point constants for compute programs: 0
10:22:19:  * Number of integer constants for compute programs: 0
10:22:19:  * Number of boolean constants for compute programs: 0
10:22:19:  * Supported Shader Profiles: glsl glsl130 glsl140 glsl150 glsl330
10:22:19:  * Texture Compression: yes
10:22:19:    - DXT: yes
10:22:19:    - VTC: no
10:22:19:    - PVRTC: no
10:22:19:    - ATC: no
10:22:19:    - ETC1: no
10:22:19:    - ETC2: yes
10:22:19:    - BC4/BC5: yes
10:22:19:    - BC6H/BC7: yes
10:22:19:  * Hardware Occlusion Query: yes
10:22:19:  * User clip planes: yes
10:22:19:  * VET_UBYTE4 vertex element type: yes
10:22:19:  * Infinite far plane projection: yes
10:22:19:  * Hardware render-to-texture: yes
10:22:19:  * Floating point textures: yes
10:22:19:  * Non-power-of-two textures: yes
10:22:19:  * 1d textures: yes
10:22:19:  * Volume textures: yes
10:22:19:  * Max Texture resolution (2D) 8192
10:22:19:  * Max Texture resolution (3D) 2048
10:22:19:  * Max Texture resolution (Cubemaps) 8192
10:22:19:  * Multiple Render Targets: 8
10:22:19:    - With different bit depths: yes
10:22:19:  * Point Sprites: yes
10:22:19:  * Extended point parameters: yes
10:22:19:  * Max Point Size: 255
10:22:19:  * Vertex texture fetch: yes
10:22:19:  * Number of world matrices: 0
10:22:19:  * Number of texture units: 16
10:22:19:  * Stencil buffer depth: 8
10:22:19:  * Number of vertex blend matrices: 0
10:22:19:    - Max vertex textures: 32
10:22:19:    - Vertex textures shared: yes
10:22:19:  * Render to Vertex Buffer : yes
10:22:19:  * Hardware Atomic Counters: yes
10:22:19:  * GL 1.5 without VBO workaround: no
10:22:19:  * Frame Buffer objects: yes
10:22:19:  * Frame Buffer objects (ARB extension): no
10:22:19:  * Frame Buffer objects (ATI extension): no
10:22:19:  * PBuffer support: no
10:22:19:  * GL 1.5 without HW-occlusion workaround: no
10:22:19:  * Vertex Array Objects: yes
10:22:19:  * Separate shader objects: no
10:22:19: Registering ResourceManager for type Texture
10:22:19: DefaultWorkQueue('Root') initialising on thread main.
10:22:19: Particle Renderer Type 'billboard' registered
